[2026-03-06 03:00:01] Starting yt-dlp update check...
[2026-03-06 03:00:02] Latest yt-dlp version on PyPI: 2026.3.3
[2026-03-06 03:00:04] Current yt-dlp version in container: 2026.03.03.162408
[2026-03-06 03:00:04] Versions differ. Rebuilding container...
[2026-03-06 03:06:28] Docker build successful.
[2026-03-06 03:06:31] New container started successfully.
[2026-03-06 03:06:31] Tagging image tbdavid2019/telegram-bot-summary:latest...
[2026-03-06 03:06:31] Pushing image...
[2026-03-06 03:07:52] Image pushed successfully.
[2026-03-06 03:07:53] Update complete!
[2026-03-07 03:00:01] Starting yt-dlp update check...
[2026-03-07 03:00:01] Latest yt-dlp version on PyPI: 2026.3.3
[2026-03-07 03:00:03] Current yt-dlp version in container: 2026.03.03.162408
[2026-03-07 03:00:03] Versions differ. Rebuilding container...
[2026-03-07 03:06:20] Docker build successful.
[2026-03-07 03:06:23] New container started successfully.
[2026-03-07 03:06:23] Tagging image tbdavid2019/telegram-bot-summary:latest...
[2026-03-07 03:06:24] Pushing image...
[2026-03-07 03:07:42] Image pushed successfully.
[2026-03-07 03:07:42] Update complete!
[2026-03-08 03:00:01] Starting yt-dlp update check...
[2026-03-08 03:00:01] Latest yt-dlp version on PyPI: 2026.3.3
[2026-03-08 03:00:03] Current yt-dlp version in container: 2026.03.03.162408
[2026-03-08 03:00:03] Versions differ. Rebuilding container...
[2026-03-08 03:06:20] Docker build successful.
[2026-03-08 03:06:23] New container started successfully.
[2026-03-08 03:06:23] Tagging image tbdavid2019/telegram-bot-summary:latest...
[2026-03-08 03:06:23] Pushing image...
[2026-03-08 03:07:39] Image pushed successfully.
[2026-03-08 03:07:39] Update complete!
[2026-03-09 03:00:01] Starting yt-dlp update check...
[2026-03-09 03:00:01] Latest yt-dlp version on PyPI: 2026.3.3
[2026-03-09 03:00:03] Current yt-dlp version in container: 2026.03.03.162408
[2026-03-09 03:00:03] Versions differ. Rebuilding container...
[2026-03-09 03:06:18] Docker build successful.
[2026-03-09 03:06:22] New container started successfully.
[2026-03-09 03:06:22] Tagging image tbdavid2019/telegram-bot-summary:latest...
[2026-03-09 03:06:23] Pushing image...
[2026-03-09 03:07:41] Image pushed successfully.
[2026-03-09 03:07:41] Update complete!
[2026-03-10 03:00:01] Starting yt-dlp update check...
[2026-03-10 03:00:01] Latest yt-dlp version on PyPI: 2026.3.3
[2026-03-10 03:00:03] Current yt-dlp version in container: 2026.03.03.162408
[2026-03-10 03:00:03] Versions differ. Rebuilding container...
[2026-03-10 03:06:25] Docker build successful.
[2026-03-10 03:06:29] New container started successfully.
[2026-03-10 03:06:29] Tagging image tbdavid2019/telegram-bot-summary:latest...
[2026-03-10 03:06:29] Pushing image...
[2026-03-10 03:07:49] Image pushed successfully.
[2026-03-10 03:07:49] Update complete!
[2026-03-11 03:00:01] Starting yt-dlp update check...
[2026-03-11 03:00:01] Latest yt-dlp version on PyPI: 2026.3.3
[2026-03-11 03:00:03] Current yt-dlp version in container: 2026.03.03.162408
[2026-03-11 03:00:03] Versions differ. Rebuilding container...
[2026-03-11 03:06:17] Docker build successful.
[2026-03-11 03:06:20] New container started successfully.
[2026-03-11 03:06:20] Tagging image tbdavid2019/telegram-bot-summary:latest...
[2026-03-11 03:06:20] Pushing image...
[2026-03-11 03:07:37] Image pushed successfully.
[2026-03-11 03:07:37] Update complete!
[2026-03-12 03:00:01] Starting yt-dlp update check...
[2026-03-12 03:00:01] Latest yt-dlp version on PyPI: 2026.3.3
[2026-03-12 03:00:03] Current yt-dlp version in container: 2026.03.03.162408
[2026-03-12 03:00:03] Versions differ. Rebuilding container...
[2026-03-12 03:06:16] Docker build successful.
[2026-03-12 03:06:20] New container started successfully.
[2026-03-12 03:06:20] Tagging image tbdavid2019/telegram-bot-summary:latest...
[2026-03-12 03:06:20] Pushing image...
[2026-03-12 03:07:39] Image pushed successfully.
[2026-03-12 03:07:39] Update complete!
[2026-03-13 03:00:01] Starting yt-dlp update check...
[2026-03-13 03:00:01] Latest yt-dlp version on PyPI: 2026.3.3
[2026-03-13 03:00:03] Current yt-dlp version in container: 2026.03.10.233607
[2026-03-13 03:00:03] Versions differ. Rebuilding container...
[2026-03-13 03:06:21] Docker build successful.
[2026-03-13 03:06:24] New container started successfully.
[2026-03-13 03:06:24] Tagging image tbdavid2019/telegram-bot-summary:latest...
[2026-03-13 03:06:24] Pushing image...
[2026-03-13 03:07:43] Image pushed successfully.
[2026-03-13 03:07:43] Update complete!
[2026-03-13 05:37:59] Starting yt-dlp update check...
[2026-03-13 05:37:59] Latest yt-dlp version on PyPI releases: 2026.3.11.233532.dev0
[2026-03-13 05:38:00] Current yt-dlp version in container/image: 2026.03.11.233532
[2026-03-13 05:38:00] Normalized latest version: 2026.3.11.233532.dev0
[2026-03-13 05:38:00] Normalized current version: 2026.3.11.233532
[2026-03-13 05:38:00] Versions differ. Rebuilding container...
[2026-03-13 05:44:16] Docker build successful.
[2026-03-13 05:44:20] New container started successfully.
[2026-03-13 05:44:20] Tagging image tbdavid2019/telegram-bot-summary:latest...
[2026-03-13 05:44:20] Pushing image...
[2026-03-13 05:45:36] Image pushed successfully.
[2026-03-13 05:45:36] Update complete!
[2026-03-14 03:00:01] Starting yt-dlp update check...
[2026-03-14 03:00:01] Latest yt-dlp version on PyPI releases: 2026.3.13.83652.dev0
[2026-03-14 03:00:03] Current yt-dlp version in container/image: 2026.03.11.233532
[2026-03-14 03:00:03] Normalized latest version: 2026.3.13.83652.dev0
[2026-03-14 03:00:03] Normalized current version: 2026.3.11.233532
[2026-03-14 03:00:03] Versions differ. Rebuilding container...
[2026-03-14 03:06:16] Docker build successful.
[2026-03-14 03:06:20] New container started successfully.
[2026-03-14 03:06:20] Tagging image tbdavid2019/telegram-bot-summary:latest...
[2026-03-14 03:06:20] Pushing image...
[2026-03-14 03:07:38] Image pushed successfully.
[2026-03-14 03:07:54] Update complete!
[2026-03-15 03:00:01] Starting yt-dlp update check...
[2026-03-15 03:00:02] Latest yt-dlp version on PyPI releases: 2026.3.13.83652.dev0
[2026-03-15 03:00:03] Current yt-dlp version in container/image: 2026.03.13.083652
[2026-03-15 03:00:03] Normalized latest version: 2026.3.13.83652.dev0
[2026-03-15 03:00:03] Normalized current version: 2026.3.13.83652
[2026-03-15 03:00:03] Versions differ. Rebuilding container...
[2026-03-15 03:06:15] Docker build successful.
[2026-03-15 03:06:18] New container started successfully.
[2026-03-15 03:06:18] Tagging image tbdavid2019/telegram-bot-summary:latest...
[2026-03-15 03:06:18] Pushing image...
[2026-03-15 03:07:35] Image pushed successfully.
[2026-03-15 03:07:35] Update complete!
[2026-03-16 03:00:01] Starting yt-dlp update check...
[2026-03-16 03:00:01] Latest yt-dlp version on PyPI releases: 2026.3.13.83652.dev0
[2026-03-16 03:00:03] Current yt-dlp version in container/image: 2026.03.13.083652
[2026-03-16 03:00:03] Normalized latest version: 2026.3.13.83652.dev0
[2026-03-16 03:00:03] Normalized current version: 2026.3.13.83652
[2026-03-16 03:00:03] Versions differ. Rebuilding container...
[2026-03-16 03:06:14] Docker build successful.
[2026-03-16 03:06:19] New container started successfully.
[2026-03-16 03:06:19] Tagging image tbdavid2019/telegram-bot-summary:latest...
[2026-03-16 03:06:19] Pushing image...
[2026-03-16 03:07:39] Image pushed successfully.
[2026-03-16 03:07:39] Update complete!
[2026-03-17 03:00:01] Starting yt-dlp update check...
[2026-03-17 03:00:01] Latest yt-dlp version on PyPI releases: 2026.3.13.83652.dev0
[2026-03-17 03:00:03] Current yt-dlp version in container/image: 2026.03.13.083652
[2026-03-17 03:00:04] Normalized latest version: 2026.3.13.83652.dev0
[2026-03-17 03:00:04] Normalized current version: 2026.3.13.83652
[2026-03-17 03:00:04] Versions differ. Rebuilding container...
[2026-03-17 03:06:22] Docker build successful.
[2026-03-17 03:06:25] New container started successfully.
[2026-03-17 03:06:25] Tagging image tbdavid2019/telegram-bot-summary:latest...
[2026-03-17 03:06:25] Pushing image...
[2026-03-17 03:07:51] Image pushed successfully.
[2026-03-17 03:07:51] Update complete!
